<?xml version="1.0" encoding="UTF-8"?>
<!-- Generated by org.testng.reporters.JUnitXMLReporter -->
<testsuite ignored="0" hostname="LAPTOP-5Q610K75" failures="1" tests="1" name="Test2" time="6.321" errors="0" timestamp="2023-04-09T08:28:09 CEST">
  <testcase classname="com.brvnarealavrdnik.FacebookLinkTest" name="facebookTest" time="2.176">
    <failure type="java.lang.NullPointerException" message="Cannot invoke &amp;quot;com.aventstack.extentreports.ExtentTest.pass(String)&amp;quot; because the return value of &amp;quot;base.ExtentManager.getTest()&amp;quot; is null">
      <![CDATA[java.lang.NullPointerException: Cannot invoke "com.aventstack.extentreports.ExtentTest.pass(String)" because the return value of "base.ExtentManager.getTest()" is null
at base.ExtentManager.pass(ExtentManager.java:69)
at com.brvnarealavrdnik.FacebookLinkTest.facebookTest(FacebookLinkTest.java:28)
at java.base/java.util.ArrayList.forEach(ArrayList.java:1511)
at java.base/java.util.concurrent.FutureTask.run(FutureTask.java:264)
at java.base/java.util.concurrent.ThreadPoolExecutor.runWorker(ThreadPoolExecutor.java:1136)
at java.base/java.util.concurrent.ThreadPoolExecutor$Worker.run(ThreadPoolExecutor.java:635)
at java.base/java.lang.Thread.run(Thread.java:833)
... Removed 18 stack frames]]>
    </failure>
  </testcase> <!-- facebookTest -->
</testsuite> <!-- Test2 -->
